<?xml version="1.0" encoding="UTF-8"?>
<!-- Generated by org.testng.reporters.JUnitReportReporter -->
<testsuite skipped="0" hostname="DESKTOP-0M1MH5T" name="com.io.qa.testcases.GetListOfUsersTest" tests="1" failures="0" timestamp="2020-02-07T08:39:57 IST" time="8.308" errors="0">
  <testcase name="getListOfUsersTest" time="8.308" classname="com.io.qa.testcases.GetListOfUsersTest"/>
  <system-out/>
</testsuite> <!-- com.io.qa.testcases.GetListOfUsersTest -->
