<?xml version="1.0" encoding="UTF-8"?>
<!-- Generated by org.testng.reporters.JUnitReportReporter -->
<testsuite skipped="0" hostname="DESKTOP-0M1MH5T" name="com.io.qa.testcases.DeleteUserTest" tests="1" failures="0" timestamp="2020-02-08T08:40:42 IST" time="0.851" errors="0">
  <testcase name="deleteUserTest" time="0.851" classname="com.io.qa.testcases.DeleteUserTest"/>
  <system-out/>
</testsuite> <!-- com.io.qa.testcases.DeleteUserTest -->
