<?xml version="1.0" encoding="UTF-8"?>
<!-- Generated by org.testng.reporters.JUnitReportReporter -->
<testsuite skipped="0" hostname="DESKTOP-0M1MH5T" name="com.io.qa.testcases.UpdateUserTest" tests="1" failures="0" timestamp="2020-02-08T08:40:42 IST" time="0.864" errors="0">
  <testcase name="updateUserTest" time="0.864" classname="com.io.qa.testcases.UpdateUserTest"/>
  <system-out/>
</testsuite> <!-- com.io.qa.testcases.UpdateUserTest -->
